>>> Warning 203 "Main.c" Line 42(1,1): Condition always TRUE
*** Error 12 "Main.c" Line 82(62,63): Undefined identifier  -- get_speed_in_mms
*** Error 43 "Main.c" Line 82(68,69): Expecting a declaration
*** Error 43 "Main.c" Line 82(69,70): Expecting a declaration
*** Error 43 "Main.c" Line 82(70,71): Expecting a declaration
*** Error 28 "Main.c" Line 83(29,30): Expecting an identifier
*** Error 43 "Main.c" Line 83(35,36): Expecting a declaration
*** Error 43 "Main.c" Line 83(36,37): Expecting a declaration
*** Error 28 "Main.c" Line 85(22,23): Expecting an identifier
*** Error 43 "Main.c" Line 85(25,26): Expecting a declaration
*** Error 43 "Main.c" Line 85(26,27): Expecting a declaration
*** Error 43 "Main.c" Line 85(27,28): Expecting a declaration
*** Error 43 "Main.c" Line 87(1,2): Expecting a declaration
*** Error 117 "Main.c" Line 90(4,5): Improper use of a function identifier
*** Error 43 "Main.c" Line 90(11,12): Expecting a declaration
*** Error 48 "Main.c" Line 90(18,23): Expecting a (
*** Error 43 "Main.c" Line 90(20,24): Expecting a declaration
*** Error 43 "Main.c" Line 90(25,26): Expecting a declaration
*** Error 43 "Main.c" Line 90(27,31): Expecting a declaration
*** Error 43 "Main.c" Line 90(31,32): Expecting a declaration
*** Error 43 "Main.c" Line 90(33,34): Expecting a declaration
*** Error 43 "Main.c" Line 90(35,37): Expecting a declaration
*** Error 43 "Main.c" Line 90(37,38): Expecting a declaration
*** Error 43 "Main.c" Line 91(1,2): Expecting a declaration
*** Error 117 "Main.c" Line 95(5,6): Improper use of a function identifier
*** Error 43 "Main.c" Line 95(8,9): Expecting a declaration
*** Error 48 "Main.c" Line 95(11,12): Expecting a (
*** Error 43 "Main.c" Line 95(13,14): Expecting a declaration
*** Error 43 "Main.c" Line 95(14,15): Expecting a declaration
*** Error 48 "Main.c" Line 95(18,19): Expecting a (
*** Error 43 "Main.c" Line 95(35,36): Expecting a declaration
*** Error 43 "Main.c" Line 95(35,36): Expecting a declaration
*** Error 48 "Main.c" Line 95(37,38): Expecting a (
*** Error 43 "Main.c" Line 95(40,41): Expecting a declaration
*** Error 43 "Main.c" Line 95(41,42): Expecting a declaration
*** Error 43 "Main.c" Line 95(42,43): Expecting a declaration
*** Error 43 "Main.c" Line 95(43,44): Expecting a declaration
*** Error 43 "Main.c" Line 96(1,2): Expecting a declaration
      37 Errors,  1 Warnings.
Build Failed.
